<?xml version="1.0" encoding="UTF-8"?>
<!-- Generated by org.testng.reporters.JUnitReportReporter -->
<testsuite skipped="0" hostname="AMAC02Q211MG8WM" name="com.seleniumProject.Example1" tests="1" failures="0" timestamp="25 Dec 2018 13:49:52 GMT" time="6.972" errors="0">
  <testcase name="EnterDataInTextBox" time="6.972" classname="com.seleniumProject.Example1"/>
</testsuite> <!-- com.seleniumProject.Example1 -->
