<?xml version="1.0" encoding="UTF-8"?>
<!-- Generated by org.testng.reporters.JUnitReportReporter -->
<testsuite skipped="0" hostname="AMAC02Q211MG8WM" name="com.seleniumProject.Example1" tests="1" failures="0" timestamp="26 Dec 2018 04:58:24 GMT" time="5.421" errors="0">
  <testcase name="EnterDataInTextBox" time="5.421" classname="com.seleniumProject.Example1"/>
</testsuite> <!-- com.seleniumProject.Example1 -->
